0 info it worked if it ends with ok
1 verbose cli [ '/usr/bin/nodejs', '/usr/bin/npm', 'run', 'devserver' ]
2 info using npm@3.5.2
3 info using node@v4.7.2
4 verbose run-script [ 'predevserver', 'devserver', 'postdevserver' ]
5 info lifecycle morbax@1.0.0~predevserver: morbax@1.0.0
6 silly lifecycle morbax@1.0.0~predevserver: no script for predevserver, continuing
7 info lifecycle morbax@1.0.0~devserver: morbax@1.0.0
8 verbose lifecycle morbax@1.0.0~devserver: unsafe-perm in lifecycle true
9 verbose lifecycle morbax@1.0.0~devserver: PATH: /usr/share/npm/bin/node-gyp-bin:/home/marina/Documents/MORBAX/code/react/node_modules/.bin:/usr/local/sbin:/usr/local/bin:/usr/sbin:/usr/bin:/sbin:/bin:/usr/games:/usr/local/games:/snap/bin
10 verbose lifecycle morbax@1.0.0~devserver: CWD: /home/marina/Documents/MORBAX/code/react
11 silly lifecycle morbax@1.0.0~devserver: Args: [ '-c',
11 silly lifecycle   'webpack-dev-server --history-api-fallback --debug --hot --devtool eval-source-map --output-pathinfo --watch --colors --inline --content-base public --port 8080 --host 0.0.0.0' ]
12 silly lifecycle morbax@1.0.0~devserver: Returned: code: 139  signal: null
13 info lifecycle morbax@1.0.0~devserver: Failed to exec devserver script
14 verbose stack Error: morbax@1.0.0 devserver: `webpack-dev-server --history-api-fallback --debug --hot --devtool eval-source-map --output-pathinfo --watch --colors --inline --content-base public --port 8080 --host 0.0.0.0`
14 verbose stack Exit status 139
14 verbose stack     at EventEmitter.<anonymous> (/usr/share/npm/lib/utils/lifecycle.js:232:16)
14 verbose stack     at emitTwo (events.js:87:13)
14 verbose stack     at EventEmitter.emit (events.js:172:7)
14 verbose stack     at ChildProcess.<anonymous> (/usr/share/npm/lib/utils/spawn.js:24:14)
14 verbose stack     at emitTwo (events.js:87:13)
14 verbose stack     at ChildProcess.emit (events.js:172:7)
14 verbose stack     at maybeClose (internal/child_process.js:854:16)
14 verbose stack     at Process.ChildProcess._handle.onexit (internal/child_process.js:222:5)
15 verbose pkgid morbax@1.0.0
16 verbose cwd /home/marina/Documents/MORBAX/code/react
17 error Linux 4.10.0-35-generic
18 error argv "/usr/bin/nodejs" "/usr/bin/npm" "run" "devserver"
19 error node v4.7.2
20 error npm  v3.5.2
21 error code ELIFECYCLE
22 error morbax@1.0.0 devserver: `webpack-dev-server --history-api-fallback --debug --hot --devtool eval-source-map --output-pathinfo --watch --colors --inline --content-base public --port 8080 --host 0.0.0.0`
22 error Exit status 139
23 error Failed at the morbax@1.0.0 devserver script 'webpack-dev-server --history-api-fallback --debug --hot --devtool eval-source-map --output-pathinfo --watch --colors --inline --content-base public --port 8080 --host 0.0.0.0'.
23 error Make sure you have the latest version of node.js and npm installed.
23 error If you do, this is most likely a problem with the morbax package,
23 error not with npm itself.
23 error Tell the author that this fails on your system:
23 error     webpack-dev-server --history-api-fallback --debug --hot --devtool eval-source-map --output-pathinfo --watch --colors --inline --content-base public --port 8080 --host 0.0.0.0
23 error You can get information on how to open an issue for this project with:
23 error     npm bugs morbax
23 error Or if that isn't available, you can get their info via:
23 error     npm owner ls morbax
23 error There is likely additional logging output above.
24 verbose exit [ 1, true ]
